<?xml version="1.0" encoding="UTF-8"?>
<!-- Generated by org.testng.reporters.JUnitReportReporter -->
<testsuite hostname="DESKTOP-TK2O5BT" failures="0" tests="3" name="demo.TestNGPriorityDemo" time="0.022" errors="0" timestamp="2020-04-25T17:09:25 CEST" skipped="0">
  <testcase classname="demo.TestNGPriorityDemo" name="test3" time="0.014"/>
  <system-out/>
  <testcase classname="demo.TestNGPriorityDemo" name="test1" time="0.004"/>
  <system-out/>
  <testcase classname="demo.TestNGPriorityDemo" name="test2" time="0.004"/>
  <system-out/>
</testsuite> <!-- demo.TestNGPriorityDemo -->
