<?xml version="1.0" encoding="UTF-8"?>
<!-- Generated by org.testng.reporters.JUnitReportReporter -->
<testsuite hostname="DESKTOP-TK2O5BT" failures="0" tests="1" name="demo.Test1" time="5.502" errors="0" timestamp="2020-05-01T12:57:04 CEST" skipped="0">
  <testcase classname="demo.Test1" name="test1" time="5.502"/>
  <system-out/>
</testsuite> <!-- demo.Test1 -->
