<?xml version="1.0" encoding="UTF-8"?>
<!-- Generated by org.testng.reporters.JUnitReportReporter -->
<testsuite hostname="DESKTOP-TK2O5BT" failures="0" tests="2" name="test.ExtentReportsDemoWithTestNG" time="1.345" errors="0" timestamp="2020-04-20T12:14:09 CEST" skipped="0">
  <testcase classname="test.ExtentReportsDemoWithTestNG" name="testRun" time="1.342"/>
  <system-out/>
  <testcase classname="test.ExtentReportsDemoWithTestNG" name="testRun2" time="0.003"/>
  <system-out/>
</testsuite> <!-- test.ExtentReportsDemoWithTestNG -->
