<?xml version="1.0" encoding="UTF-8"?>
<!-- Generated by org.testng.reporters.JUnitReportReporter -->
<testsuite hostname="DESKTOP-TK2O5BT" failures="0" tests="2" name="demo.TestNGIgnoreDemo" time="0.027" errors="0" timestamp="2020-04-27T15:30:41 CEST" skipped="1">
  <testcase classname="demo.TestNGIgnoreDemo" name="test2" time="0.027"/>
  <system-out/>
  <testcase classname="demo.TestNGIgnoreDemo" name="test1">
    <skipped/>
  </testcase> <!-- test1 -->
  <system-out/>
</testsuite> <!-- demo.TestNGIgnoreDemo -->
