<?xml version="1.0" encoding="UTF-8"?>
<!-- Generated by org.testng.reporters.JUnitReportReporter -->
<testsuite hostname="DESKTOP-TK2O5BT" failures="0" tests="2" name="demo.TestNGDependencyDemo" time="0.016" errors="0" timestamp="2020-04-27T15:14:48 CEST" skipped="0">
  <testcase classname="demo.TestNGDependencyDemo" name="test1" time="0.003"/>
  <system-out/>
  <testcase classname="demo.TestNGDependencyDemo" name="test2" time="0.013"/>
  <system-out/>
</testsuite> <!-- demo.TestNGDependencyDemo -->
