<?xml version="1.0" encoding="UTF-8"?>
<!-- Generated by org.testng.reporters.JUnitReportReporter -->
<testsuite hostname="DESKTOP-TK2O5BT" failures="0" tests="2" name="test.testng_Demo2" time="5.494" errors="0" timestamp="2020-04-25T12:04:25 CEST" skipped="0">
  <testcase classname="test.testng_Demo2" name="googleSearchTest2" time="3.171"/>
  <system-out/>
  <testcase classname="test.testng_Demo2" name="googleSearchTest3" time="2.323"/>
  <system-out/>
</testsuite> <!-- test.testng_Demo2 -->
