<?xml version="1.0" encoding="UTF-8"?>
<!-- Generated by org.testng.reporters.JUnitReportReporter -->
<testsuite hostname="DESKTOP-TK2O5BT" failures="0" tests="3" name="listeners.TestNgListenerDemo2" time="0.014" errors="0" timestamp="2020-04-25T16:50:12 CEST" skipped="1">
  <testcase classname="listeners.TestNgListenerDemo2" name="test4" time="0.007"/>
  <system-out/>
  <testcase classname="listeners.TestNgListenerDemo2" name="test6" time="0.002">
    <skipped/>
  </testcase> <!-- test6 -->
  <system-out/>
  <testcase classname="listeners.TestNgListenerDemo2" name="test5" time="0.005"/>
  <system-out/>
</testsuite> <!-- listeners.TestNgListenerDemo2 -->
