<?xml version="1.0" encoding="UTF-8"?>
<!-- Generated by org.testng.reporters.JUnitReportReporter -->
<testsuite hostname="DESKTOP-TK2O5BT" failures="0" tests="1" name="demo.TestNGMultiBrowserDemo" time="6.325" errors="0" timestamp="2020-04-26T12:41:10 CEST" skipped="0">
  <testcase classname="demo.TestNGMultiBrowserDemo" name="test1" time="6.325"/>
  <system-out/>
</testsuite> <!-- demo.TestNGMultiBrowserDemo -->
