<?xml version="1.0" encoding="UTF-8"?>
<!-- Generated by org.testng.reporters.JUnitReportReporter -->
<testsuite hostname="DESKTOP-TK2O5BT" failures="0" tests="3" name="utils.ExcelDataProvider" time="9.651" errors="0" timestamp="2020-04-25T12:17:33 CEST" skipped="0">
  <testcase classname="utils.ExcelDataProvider" name="test1" time="4.188"/>
  <system-out/>
  <testcase classname="utils.ExcelDataProvider" name="test1" time="2.750"/>
  <system-out/>
  <testcase classname="utils.ExcelDataProvider" name="test1" time="2.713"/>
  <system-out/>
</testsuite> <!-- utils.ExcelDataProvider -->
