<?xml version="1.0" encoding="UTF-8"?>
<!-- Generated by org.testng.reporters.JUnitReportReporter -->
<testsuite hostname="DESKTOP-TK2O5BT" failures="0" tests="2" name="demo.TestNGGroupsDemo" time="0.016" errors="0" timestamp="2020-04-26T13:20:40 CEST" skipped="0">
  <testcase classname="demo.TestNGGroupsDemo" name="test2" time="0.013"/>
  <system-out/>
  <testcase classname="demo.TestNGGroupsDemo" name="test3" time="0.003"/>
  <system-out/>
</testsuite> <!-- demo.TestNGGroupsDemo -->
