<?xml version="1.0" encoding="UTF-8"?>
<!-- Generated by org.testng.reporters.JUnitReportReporter -->
<testsuite hostname="DESKTOP-TK2O5BT" failures="0" tests="1" name="test.testng_Demo" time="3.946" errors="0" timestamp="2020-04-22T19:36:40 CEST" skipped="0">
  <testcase classname="test.testng_Demo" name="googleSearchTest" time="3.946"/>
  <system-out/>
</testsuite> <!-- test.testng_Demo -->
