<?xml version="1.0" encoding="UTF-8"?>
<!-- Generated by org.testng.reporters.JUnitReportReporter -->
<testsuite hostname="DESKTOP-TK2O5BT" failures="0" tests="1" name="demo.TestNGParametersDemo" time="0.015" errors="0" timestamp="2020-04-27T15:05:19 CEST" skipped="0">
  <testcase classname="demo.TestNGParametersDemo" name="test" time="0.015"/>
  <system-out/>
</testsuite> <!-- demo.TestNGParametersDemo -->
